Vivado Simulator 2019.2
Time resolution is 1 ps
index 00 finished
index 00 finished
index 01 finished
index 01 finished
index 02 finished
index 02 finished
index 03 finished
index 03 finished
index 04 finished
index 04 finished
index 05 finished
index 05 finished
index 06 finished
index 06 finished
index 07 finished
index 07 finished
index 08 finished
index 08 finished
index 09 finished
index 09 finished
index 0a finished
index 0a finished
index 0b finished
index 0b finished
index 0c finished
index 0c finished
index 0d finished
index 0d finished
index 0e finished
index 0e finished
index 0f finished
index 0f finished
index 10 finished
index 10 finished
index 11 finished
index 11 finished
index 12 finished
index 12 finished
index 13 finished
index 13 finished
index 14 finished
index 14 finished
index 15 finished
index 15 finished
index 16 finished
index 16 finished
index 17 finished
index 17 finished
index 18 finished
index 18 finished
index 19 finished
index 19 finished
index 1a finished
index 1a finished
index 1b finished
index 1b finished
index 1c finished
index 1c finished
index 1d finished
index 1d finished
index 1e finished
index 1e finished
index 1f finished
index 1f finished
index 20 finished
index 20 finished
index 21 finished
index 21 finished
index 22 finished
index 22 finished
index 23 finished
index 23 finished
index 24 finished
index 24 finished
index 25 finished
index 25 finished
index 26 finished
index 26 finished
index 27 finished
index 27 finished
index 28 finished
index 28 finished
index 29 finished
index 29 finished
index 2a finished
index 2a finished
index 2b finished
index 2b finished
index 2c finished
index 2c finished
index 2d finished
index 2d finished
index 2e finished
index 2e finished
index 2f finished
index 2f finished
index 30 finished
index 30 finished
index 31 finished
index 31 finished
index 32 finished
index 32 finished
index 33 finished
index 33 finished
index 34 finished
index 34 finished
index 35 finished
index 35 finished
index 36 finished
index 36 finished
index 37 finished
index 37 finished
index 38 finished
index 38 finished
index 39 finished
index 39 finished
index 3a finished
index 3a finished
index 3b finished
index 3b finished
index 3c finished
index 3c finished
index 3d finished
index 3d finished
index 3e finished
index 3e finished
index 3f finished
index 3f finished
index 40 finished
index 40 finished
index 41 finished
index 41 finished
index 42 finished
index 42 finished
index 43 finished
index 43 finished
index 44 finished
index 44 finished
index 45 finished
index 45 finished
index 46 finished
index 46 finished
index 47 finished
index 47 finished
index 48 finished
index 48 finished
index 49 finished
index 49 finished
index 4a finished
index 4a finished
index 4b finished
index 4b finished
index 4c finished
index 4c finished
index 4d finished
index 4d finished
index 4e finished
index 4e finished
index 4f finished
index 4f finished
index 50 finished
index 50 finished
index 51 finished
index 51 finished
index 52 finished
index 52 finished
index 53 finished
index 53 finished
index 54 finished
index 54 finished
index 55 finished
index 55 finished
index 56 finished
index 56 finished
index 57 finished
index 57 finished
index 58 finished
index 58 finished
index 59 finished
index 59 finished
index 5a finished
index 5a finished
index 5b finished
index 5b finished
index 5c finished
index 5c finished
index 5d finished
index 5d finished
index 5e finished
index 5e finished
index 5f finished
index 5f finished
index 60 finished
index 60 finished
index 61 finished
index 61 finished
index 62 finished
index 62 finished
index 63 finished
index 63 finished
index 64 finished
index 64 finished
index 65 finished
index 65 finished
index 66 finished
index 66 finished
index 67 finished
index 67 finished
index 68 finished
index 68 finished
index 69 finished
index 69 finished
index 6a finished
index 6a finished
index 6b finished
index 6b finished
index 6c finished
index 6c finished
index 6d finished
index 6d finished
index 6e finished
index 6e finished
index 6f finished
index 6f finished
index 70 finished
index 70 finished
index 71 finished
index 71 finished
index 72 finished
index 72 finished
index 73 finished
index 73 finished
index 74 finished
index 74 finished
index 75 finished
index 75 finished
index 76 finished
index 76 finished
index 77 finished
index 77 finished
index 78 finished
index 78 finished
index 79 finished
index 79 finished
index 7a finished
index 7a finished
index 7b finished
index 7b finished
index 7c finished
index 7c finished
index 7d finished
index 7d finished
index 7e finished
index 7e finished
index 7f finished
index 7f finished
index 80 finished
index 80 finished
index 81 finished
index 81 finished
index 82 finished
index 82 finished
index 83 finished
index 83 finished
index 84 finished
index 84 finished
index 85 finished
index 85 finished
index 86 finished
index 86 finished
index 87 finished
index 87 finished
index 88 finished
index 88 finished
index 89 finished
index 89 finished
index 8a finished
index 8a finished
index 8b finished
index 8b finished
index 8c finished
index 8c finished
index 8d finished
index 8d finished
index 8e finished
index 8e finished
index 8f finished
index 8f finished
index 90 finished
index 90 finished
index 91 finished
index 91 finished
index 92 finished
index 92 finished
index 93 finished
index 93 finished
index 94 finished
index 94 finished
index 95 finished
index 95 finished
index 96 finished
index 96 finished
index 97 finished
index 97 finished
index 98 finished
index 98 finished
index 99 finished
index 99 finished
index 9a finished
index 9a finished
index 9b finished
index 9b finished
index 9c finished
index 9c finished
index 9d finished
index 9d finished
index 9e finished
index 9e finished
index 9f finished
index 9f finished
index a0 finished
index a0 finished
index a1 finished
index a1 finished
index a2 finished
index a2 finished
index a3 finished
index a3 finished
index a4 finished
index a4 finished
index a5 finished
index a5 finished
index a6 finished
index a6 finished
index a7 finished
index a7 finished
index a8 finished
index a8 finished
index a9 finished
index a9 finished
index aa finished
index aa finished
index ab finished
index ab finished
index ac finished
index ac finished
index ad finished
index ad finished
index ae finished
index ae finished
index af finished
index af finished
index b0 finished
index b0 finished
index b1 finished
index b1 finished
index b2 finished
index b2 finished
index b3 finished
index b3 finished
index b4 finished
index b4 finished
index b5 finished
index b5 finished
index b6 finished
index b6 finished
index b7 finished
index b7 finished
index b8 finished
index b8 finished
index b9 finished
index b9 finished
index ba finished
index ba finished
index bb finished
index bb finished
index bc finished
index bc finished
index bd finished
index bd finished
index be finished
index be finished
index bf finished
index bf finished
index c0 finished
index c0 finished
index c1 finished
index c1 finished
index c2 finished
index c2 finished
index c3 finished
index c3 finished
index c4 finished
index c4 finished
index c5 finished
index c5 finished
index c6 finished
index c6 finished
index c7 finished
index c7 finished
index c8 finished
index c8 finished
index c9 finished
index c9 finished
index ca finished
index ca finished
index cb finished
index cb finished
index cc finished
index cc finished
index cd finished
index cd finished
index ce finished
index ce finished
index cf finished
index cf finished
index d0 finished
index d0 finished
index d1 finished
index d1 finished
index d2 finished
index d2 finished
index d3 finished
index d3 finished
index d4 finished
index d4 finished
index d5 finished
index d5 finished
index d6 finished
index d6 finished
index d7 finished
index d7 finished
index d8 finished
index d8 finished
index d9 finished
index d9 finished
index da finished
index da finished
index db finished
index db finished
index dc finished
index dc finished
index dd finished
index dd finished
index de finished
index de finished
index df finished
index df finished
index e0 finished
index e0 finished
index e1 finished
index e1 finished
index e2 finished
index e2 finished
index e3 finished
index e3 finished
index e4 finished
index e4 finished
index e5 finished
index e5 finished
index e6 finished
index e6 finished
index e7 finished
index e7 finished
index e8 finished
index e8 finished
index e9 finished
index e9 finished
index ea finished
index ea finished
index eb finished
index eb finished
index ec finished
index ec finished
index ed finished
index ed finished
index ee finished
index ee finished
index ef finished
index ef finished
index f0 finished
index f0 finished
index f1 finished
index f1 finished
index f2 finished
index f2 finished
index f3 finished
index f3 finished
index f4 finished
index f4 finished
index f5 finished
index f5 finished
index f6 finished
index f6 finished
index f7 finished
index f7 finished
index f8 finished
index f8 finished
index f9 finished
index f9 finished
index fa finished
index fa finished
index fb finished
index fb finished
index fc finished
index fc finished
index fd finished
index fd finished
index fe finished
index fe finished
index ff finished
=========================================================
Test end!
----PASS!!!
$finish called at time : 585755 ns : File "C:/Users/Legion/Desktop/loongarch/mycpu_env/module_verify/cache_verify/testbench/testbench.v" Line 35
